[2026-05-29 20:26:59] [INFO] Запуск translate
[2026-05-29 20:26:59] [INFO] Словарь загружен: 16 слов, 0 некорректных строк
[2026-05-29 20:26:59] [INFO] Слово не найдено: лежит
[2026-05-29 20:26:59] [INFO] Слово не найдено: на
[2026-05-29 20:26:59] [INFO] Слово не найдено: столе
[2026-05-29 20:26:59] [INFO] Готово. Слов: 15, переведено: 12, без перевода: 3
[2026-05-30 09:43:13] [INFO] Запуск translate
[2026-05-30 09:43:13] [ERROR] Входной файл недоступен: examples/input.txt
[2026-05-30 09:43:47] [INFO] Запуск translate
[2026-05-30 09:43:47] [INFO] Словарь загружен: 16 слов, 0 некорректных строк
[2026-05-30 09:43:47] [INFO] Слово не найдено: лежит
[2026-05-30 09:43:47] [INFO] Слово не найдено: на
[2026-05-30 09:43:47] [INFO] Слово не найдено: столе
[2026-05-30 09:43:47] [INFO] Готово. Слов: 15, переведено: 12, без перевода: 3
[2026-05-30 09:53:47] [INFO] Запуск translate
[2026-05-30 09:53:47] [INFO] Словарь загружен: 16 слов, 0 некорректных строк
[2026-05-30 09:53:47] [INFO] Слово не найдено: лежит
[2026-05-30 09:53:47] [INFO] Слово не найдено: на
[2026-05-30 09:53:47] [INFO] Слово не найдено: столе
[2026-05-30 09:53:47] [INFO] Готово. Слов: 13, переведено: 10, без перевода: 3
[2026-05-30 10:08:04] [INFO] Запуск translate
[2026-05-30 10:08:04] [INFO] Словарь загружен: 16 слов, 0 некорректных строк
[2026-05-30 10:08:04] [INFO] Слово не найдено: лежит
[2026-05-30 10:08:04] [INFO] Слово не найдено: на
[2026-05-30 10:08:04] [INFO] Слово не найдено: столе
[2026-05-30 10:08:04] [INFO] Готово. Слов: 13, переведено: 10, без перевода: 3
